<?xml version="1.0" encoding="utf-8" standalone="no"?>
<test-results xmlns:xsi="http://www.w3.org/2001/XMLSchema-instance" xsi:noNamespaceSchemaLocation="nunit_schema_2.5.xsd" name="Pester" total="6" errors="0" failures="0" not-run="0" inconclusive="1" ignored="0" skipped="0" invalid="0" date="2017-02-10" time="23:50:13">
  <environment user="Administrator" machine-name="CONTROLCENTER" cwd="C:\temp\e-Cube" user-domain="CORP" platform="Microsoft Windows Server 2012 R2 Standard|C:\Windows|\Device\Harddisk0\Partition2" nunit-version="2.5.8.0" os-version="6.3.9600" clr-version="4.0.30319.42000" />
  <culture-info current-culture="en-US" current-uiculture="en-US" />
  <test-suite type="PowerShell" name="Pester" executed="True" result="Inconclusive" success="True" time="3.2164" asserts="0">
    <results>
      <test-suite type="TestFixture" name="NSX Manager" executed="True" result="Inconclusive" success="True" time="3.2164" asserts="0" description="NSX Manager">
        <results>
          <test-case description="is connected to vCenter" name="NSX Manager.is connected to vCenter" time="0.21" asserts="0" success="True" result="Success" executed="True" />
          <test-case description="performed an Inventory less than 30 minutes ago" name="NSX Manager.performed an Inventory less than 30 minutes ago" time="0.0299" asserts="0" success="True" result="Success" executed="True" />
          <test-case description="has the NSX Manager Service in a running state" name="NSX Manager.has the NSX Manager Service in a running state" time="2.8645" asserts="0" success="True" result="Success" executed="True" />
          <test-case description="has the vPostgres Service in a running state" name="NSX Manager.has the vPostgres Service in a running state" time="0.0353" asserts="0" success="True" result="Success" executed="True" />
          <test-case description="has the RabbitMQ Service in a running state" name="NSX Manager.has the RabbitMQ Service in a running state" time="0.0356" asserts="0" success="True" result="Success" executed="True" />
          <test-case description="is not a cross VC NSX deployment, skipping universal sync service check" name="NSX Manager.is not a cross VC NSX deployment, skipping universal sync service check" time="0.0411" asserts="0" success="True" result="Inconclusive" executed="True" />
        </results>
      </test-suite>
    </results>
  </test-suite>
</test-results>