<?xml version="1.0" encoding="utf-8" standalone="no"?>
<test-results xmlns:xsi="http://www.w3.org/2001/XMLSchema-instance" xsi:noNamespaceSchemaLocation="nunit_schema_2.5.xsd" name="Pester" total="32" errors="0" failures="0" not-run="0" inconclusive="0" ignored="0" skipped="0" invalid="0" date="2017-02-11" time="01:25:06">
  <environment user="Administrator" machine-name="CONTROLCENTER" cwd="C:\temp\e-Cube" user-domain="CORP" platform="Microsoft Windows Server 2012 R2 Standard|C:\Windows|\Device\Harddisk0\Partition2" nunit-version="2.5.8.0" os-version="6.3.9600" clr-version="4.0.30319.42000" />
  <culture-info current-culture="en-US" current-uiculture="en-US" />
  <test-suite type="PowerShell" name="Pester" executed="True" result="Success" success="True" time="40.6412" asserts="0">
    <results>
      <test-suite type="TestFixture" name="Distributed Firewall Memory heaps" executed="True" result="Success" success="True" time="40.6412" asserts="0" description="Distributed Firewall Memory heaps">
        <results>
          <test-case description="is reachable via ssh" name="Distributed Firewall Memory heaps.is reachable via ssh" time="18.6069" asserts="0" success="True" result="Success" executed="True" />
          <test-case description="returns system heaps" name="Distributed Firewall Memory heaps.returns system heaps" time="0.2889" asserts="0" success="True" result="Success" executed="True" />
          <test-case description="has not exceeded the 80% memory threshold on memory heap vsip-attr-0x430799cb2000/ for esx-01a.corp.local" name="Distributed Firewall Memory heaps.has not exceeded the 80% memory threshold on memory heap vsip-attr-0x430799cb2000/ for esx-01a.corp.local" time="0.1221" asserts="0" success="True" result="Success" executed="True" />
          <test-case description="has not exceeded the 80% memory threshold on memory heap vsip-flow-0x430782245000/ for esx-01a.corp.local" name="Distributed Firewall Memory heaps.has not exceeded the 80% memory threshold on memory heap vsip-flow-0x430782245000/ for esx-01a.corp.local" time="0.1093" asserts="0" success="True" result="Success" executed="True" />
          <test-case description="has not exceeded the 80% memory threshold on memory heap vsip-ipdiscovery-0x43077e242000/ for esx-01a.corp.local" name="Distributed Firewall Memory heaps.has not exceeded the 80% memory threshold on memory heap vsip-ipdiscovery-0x43077e242000/ for esx-01a.corp.local" time="0.1068" asserts="0" success="True" result="Success" executed="True" />
          <test-case description="has not exceeded the 80% memory threshold on memory heap vsip-rules-0x43077623f000/ for esx-01a.corp.local" name="Distributed Firewall Memory heaps.has not exceeded the 80% memory threshold on memory heap vsip-rules-0x43077623f000/ for esx-01a.corp.local" time="0.1226" asserts="0" success="True" result="Success" executed="True" />
          <test-case description="has not exceeded the 80% memory threshold on memory heap vsip-state-0x43076a23c000/ for esx-01a.corp.local" name="Distributed Firewall Memory heaps.has not exceeded the 80% memory threshold on memory heap vsip-state-0x43076a23c000/ for esx-01a.corp.local" time="0.2202" asserts="0" success="True" result="Success" executed="True" />
          <test-case description="has not exceeded the 80% memory threshold on memory heap vsip-module-0x4306a2021000/ for esx-01a.corp.local" name="Distributed Firewall Memory heaps.has not exceeded the 80% memory threshold on memory heap vsip-module-0x4306a2021000/ for esx-01a.corp.local" time="0.1473" asserts="0" success="True" result="Success" executed="True" />
          <test-case description="is reachable via ssh" name="Distributed Firewall Memory heaps.is reachable via ssh" time="7.7079" asserts="0" success="True" result="Success" executed="True" />
          <test-case description="returns system heaps" name="Distributed Firewall Memory heaps.returns system heaps" time="0.1534" asserts="0" success="True" result="Success" executed="True" />
          <test-case description="has not exceeded the 80% memory threshold on memory heap vsip-attr-0x4307ab735000/ for esx-02a.corp.local" name="Distributed Firewall Memory heaps.has not exceeded the 80% memory threshold on memory heap vsip-attr-0x4307ab735000/ for esx-02a.corp.local" time="0.1598" asserts="0" success="True" result="Success" executed="True" />
          <test-case description="has not exceeded the 80% memory threshold on memory heap vsip-flow-0x4307a5732000/ for esx-02a.corp.local" name="Distributed Firewall Memory heaps.has not exceeded the 80% memory threshold on memory heap vsip-flow-0x4307a5732000/ for esx-02a.corp.local" time="0.0957" asserts="0" success="True" result="Success" executed="True" />
          <test-case description="has not exceeded the 80% memory threshold on memory heap vsip-ipdiscovery-0x430666c53000/ for esx-02a.corp.local" name="Distributed Firewall Memory heaps.has not exceeded the 80% memory threshold on memory heap vsip-ipdiscovery-0x430666c53000/ for esx-02a.corp.local" time="0.1282" asserts="0" success="True" result="Success" executed="True" />
          <test-case description="has not exceeded the 80% memory threshold on memory heap vsip-rules-0x43079d72f000/ for esx-02a.corp.local" name="Distributed Firewall Memory heaps.has not exceeded the 80% memory threshold on memory heap vsip-rules-0x43079d72f000/ for esx-02a.corp.local" time="0.1275" asserts="0" success="True" result="Success" executed="True" />
          <test-case description="has not exceeded the 80% memory threshold on memory heap vsip-state-0x43079172c000/ for esx-02a.corp.local" name="Distributed Firewall Memory heaps.has not exceeded the 80% memory threshold on memory heap vsip-state-0x43079172c000/ for esx-02a.corp.local" time="0.1048" asserts="0" success="True" result="Success" executed="True" />
          <test-case description="has not exceeded the 80% memory threshold on memory heap vsip-module-0x430789729000/ for esx-02a.corp.local" name="Distributed Firewall Memory heaps.has not exceeded the 80% memory threshold on memory heap vsip-module-0x430789729000/ for esx-02a.corp.local" time="0.1598" asserts="0" success="True" result="Success" executed="True" />
          <test-case description="is reachable via ssh" name="Distributed Firewall Memory heaps.is reachable via ssh" time="3.8812" asserts="0" success="True" result="Success" executed="True" />
          <test-case description="returns system heaps" name="Distributed Firewall Memory heaps.returns system heaps" time="0.1554" asserts="0" success="True" result="Success" executed="True" />
          <test-case description="has not exceeded the 80% memory threshold on memory heap vsip-attr-0x430688cf3000/ for esxcomp-01a.corp.local" name="Distributed Firewall Memory heaps.has not exceeded the 80% memory threshold on memory heap vsip-attr-0x430688cf3000/ for esxcomp-01a.corp.local" time="0.1343" asserts="0" success="True" result="Success" executed="True" />
          <test-case description="has not exceeded the 80% memory threshold on memory heap vsip-flow-0x430686cf0000/ for esxcomp-01a.corp.local" name="Distributed Firewall Memory heaps.has not exceeded the 80% memory threshold on memory heap vsip-flow-0x430686cf0000/ for esxcomp-01a.corp.local" time="0.1119" asserts="0" success="True" result="Success" executed="True" />
          <test-case description="has not exceeded the 80% memory threshold on memory heap vsip-ipdiscovery-0x430684ced000/ for esxcomp-01a.corp.local" name="Distributed Firewall Memory heaps.has not exceeded the 80% memory threshold on memory heap vsip-ipdiscovery-0x430684ced000/ for esxcomp-01a.corp.local" time="0.1228" asserts="0" success="True" result="Success" executed="True" />
          <test-case description="has not exceeded the 80% memory threshold on memory heap vsip-rules-0x430682cea000/ for esxcomp-01a.corp.local" name="Distributed Firewall Memory heaps.has not exceeded the 80% memory threshold on memory heap vsip-rules-0x430682cea000/ for esxcomp-01a.corp.local" time="0.11" asserts="0" success="True" result="Success" executed="True" />
          <test-case description="has not exceeded the 80% memory threshold on memory heap vsip-state-0x430680ce7000/ for esxcomp-01a.corp.local" name="Distributed Firewall Memory heaps.has not exceeded the 80% memory threshold on memory heap vsip-state-0x430680ce7000/ for esxcomp-01a.corp.local" time="0.1249" asserts="0" success="True" result="Success" executed="True" />
          <test-case description="has not exceeded the 80% memory threshold on memory heap vsip-module-0x430669418000/ for esxcomp-01a.corp.local" name="Distributed Firewall Memory heaps.has not exceeded the 80% memory threshold on memory heap vsip-module-0x430669418000/ for esxcomp-01a.corp.local" time="0.106" asserts="0" success="True" result="Success" executed="True" />
          <test-case description="is reachable via ssh" name="Distributed Firewall Memory heaps.is reachable via ssh" time="6.6516" asserts="0" success="True" result="Success" executed="True" />
          <test-case description="returns system heaps" name="Distributed Firewall Memory heaps.returns system heaps" time="0.157" asserts="0" success="True" result="Success" executed="True" />
          <test-case description="has not exceeded the 80% memory threshold on memory heap vsip-attr-0x43077cd1a000/ for esxcomp-02a.corp.local" name="Distributed Firewall Memory heaps.has not exceeded the 80% memory threshold on memory heap vsip-attr-0x43077cd1a000/ for esxcomp-02a.corp.local" time="0.1189" asserts="0" success="True" result="Success" executed="True" />
          <test-case description="has not exceeded the 80% memory threshold on memory heap vsip-flow-0x43069d2b3000/ for esxcomp-02a.corp.local" name="Distributed Firewall Memory heaps.has not exceeded the 80% memory threshold on memory heap vsip-flow-0x43069d2b3000/ for esxcomp-02a.corp.local" time="0.1217" asserts="0" success="True" result="Success" executed="True" />
          <test-case description="has not exceeded the 80% memory threshold on memory heap vsip-ipdiscovery-0x43069b2b0000/ for esxcomp-02a.corp.local" name="Distributed Firewall Memory heaps.has not exceeded the 80% memory threshold on memory heap vsip-ipdiscovery-0x43069b2b0000/ for esxcomp-02a.corp.local" time="0.13" asserts="0" success="True" result="Success" executed="True" />
          <test-case description="has not exceeded the 80% memory threshold on memory heap vsip-rules-0x4306992ad000/ for esxcomp-02a.corp.local" name="Distributed Firewall Memory heaps.has not exceeded the 80% memory threshold on memory heap vsip-rules-0x4306992ad000/ for esxcomp-02a.corp.local" time="0.1201" asserts="0" success="True" result="Success" executed="True" />
          <test-case description="has not exceeded the 80% memory threshold on memory heap vsip-state-0x4306972aa000/ for esxcomp-02a.corp.local" name="Distributed Firewall Memory heaps.has not exceeded the 80% memory threshold on memory heap vsip-state-0x4306972aa000/ for esxcomp-02a.corp.local" time="0.1283" asserts="0" success="True" result="Success" executed="True" />
          <test-case description="has not exceeded the 80% memory threshold on memory heap vsip-module-0x4306952a7000/ for esxcomp-02a.corp.local" name="Distributed Firewall Memory heaps.has not exceeded the 80% memory threshold on memory heap vsip-module-0x4306952a7000/ for esxcomp-02a.corp.local" time="0.1056" asserts="0" success="True" result="Success" executed="True" />
        </results>
      </test-suite>
    </results>
  </test-suite>
</test-results>